<?xml version="1.0" encoding="UTF-8"?>
<!-- Generated by org.testng.reporters.JUnitXMLReporter -->
<testsuite hostname="IND-PF0XJQYL-LT" ignored="0" tests="1" failures="1" timestamp="2019-01-08T16:16:30 IST" time="8.148" errors="0">
  <testcase name="loginFaceBook" time="5.185" classname="Selenium1FirstTest">
    <failure type="java.lang.AssertionError" message="Facebook is not at sign in page. Title found : &amp;apos;&amp;apos; did not expect to find [true] but found [false]">
      <![CDATA[java.lang.AssertionError: Facebook is not at sign in page. Title found : '' did not expect to find [true] but found [false]
at Selenium1FirstTest.loginFaceBook(Selenium1FirstTest.java:17)
... Removed 27 stack frames]]>
    </failure>
  </testcase> <!-- loginFaceBook -->
</testsuite>
