<!DOCTYPE html PUBLIC "-//W3C//DTD XHTML 1.1//EN" "http://www.w3.org/TR/xhtml11/DTD/xhtml11.dtd">
<html xmlns="http://www.w3.org/1999/xhtml">
<head>
<meta http-equiv="content-type" content="text/html; charset=UTF-8"/>
<title>TestNG Report</title>
<style type="text/css">table {margin-bottom:10px;border-collapse:collapse;empty-cells:show}th,td {border:1px solid #009;padding:.25em .5em}th {vertical-align:bottom}td {vertical-align:top}table a {font-weight:bold}.stripe td {background-color: #E6EBF9}.num {text-align:right}.passedodd td {background-color: #3F3}.passedeven td {background-color: #0A0}.skippedodd td {background-color: #DDD}.skippedeven td {background-color: #CCC}.failedodd td,.attn {background-color: #F33}.failedeven td,.stripe .attn {background-color: #D00}.stacktrace {white-space:pre;font-family:monospace}.totop {font-size:85%;text-align:center;border-bottom:2px solid #000}.invisible {display:none}</style>
</head>
<body>
<table>
<tr><th>Test</th><th># Passed</th><th># Skipped</th><th># Retried</th><th># Failed</th><th>Time (ms)</th><th>Included Groups</th><th>Excluded Groups</th></tr>
<tr><th colspan="7">SeleniumPracticeSuite</th></tr>
<tr><td><a href="#t0">FaceBookLogin</a></td><td class="num">0</td><td class="num">0</td><td class="num">0</td><td class="num attn">1</td><td class="num">8,148</td><td></td><td></td></tr>
<tr class="stripe"><td><a href="#t1">RadioButtonsTest</a></td><td class="num">1</td><td class="num">0</td><td class="num">0</td><td class="num">0</td><td class="num">9,818</td><td></td><td></td></tr>
<tr><td><a href="#t2">CheckBoxesTest</a></td><td class="num">1</td><td class="num">0</td><td class="num">0</td><td class="num">0</td><td class="num">131,246</td><td></td><td></td></tr>
<tr class="stripe"><td><a href="#t3">DropDownSingleTest</a></td><td class="num">0</td><td class="num">0</td><td class="num">0</td><td class="num attn">1</td><td class="num">8,993</td><td></td><td></td></tr>
<tr><td><a href="#t4">DropDownMultipleTest</a></td><td class="num">0</td><td class="num">0</td><td class="num">0</td><td class="num attn">1</td><td class="num">6,164</td><td></td><td></td></tr>
<tr class="stripe"><td><a href="#t5">DropDownBootstrapTest</a></td><td class="num">1</td><td class="num">0</td><td class="num">0</td><td class="num">0</td><td class="num">37,032</td><td></td><td></td></tr>
<tr><td><a href="#t6">VerifyErrorTest</a></td><td class="num">1</td><td class="num">0</td><td class="num">0</td><td class="num">0</td><td class="num">22,624</td><td></td><td></td></tr>
<tr class="stripe"><td><a href="#t7">ToolTipTest</a></td><td class="num">1</td><td class="num">0</td><td class="num">0</td><td class="num">0</td><td class="num">15,191</td><td></td><td></td></tr>
<tr><td><a href="#t8">ToolTipJSQueryTest</a></td><td class="num">1</td><td class="num">0</td><td class="num">0</td><td class="num">0</td><td class="num">23,983</td><td></td><td></td></tr>
<tr class="stripe"><td><a href="#t9">ClickImageTest</a></td><td class="num">0</td><td class="num">0</td><td class="num">0</td><td class="num attn">1</td><td class="num">24,680</td><td></td><td></td></tr>
<tr><td><a href="#t10">LinkTest</a></td><td class="num">1</td><td class="num">0</td><td class="num">0</td><td class="num">0</td><td class="num">22,716</td><td></td><td></td></tr>
<tr class="stripe"><td><a href="#t11">PartialLinkTest</a></td><td class="num">1</td><td class="num">0</td><td class="num">0</td><td class="num">0</td><td class="num">19,435</td><td></td><td></td></tr>
<tr><td><a href="#t12">WaitImplicitTest</a></td><td class="num">0</td><td class="num">0</td><td class="num">0</td><td class="num attn">1</td><td class="num">52,954</td><td></td><td></td></tr>
<tr class="stripe"><td><a href="#t13">WaitExplicitTest</a></td><td class="num">1</td><td class="num">0</td><td class="num">0</td><td class="num">0</td><td class="num">28,358</td><td></td><td></td></tr>
<tr><td><a href="#t14">WaitExplicit2</a></td><td class="num">1</td><td class="num">0</td><td class="num">0</td><td class="num">0</td><td class="num">21,951</td><td></td><td></td></tr>
<tr class="stripe"><td><a href="#t15">Alerts1Test</a></td><td class="num">1</td><td class="num">0</td><td class="num">0</td><td class="num">0</td><td class="num">11,579</td><td></td><td></td></tr>
<tr><td><a href="#t16">Alerts2Test</a></td><td class="num">0</td><td class="num">0</td><td class="num">0</td><td class="num attn">1</td><td class="num">20,998</td><td></td><td></td></tr>
<tr><th>Total</th><th class="num">11</th><th class="num">0</th><th class="num">0</th><th class="num attn">6</th><th class="num">465,870</th><th colspan="2"></th></tr>
</table>
<table id='summary'><thead><tr><th>Class</th><th>Method</th><th>Start</th><th>Time (ms)</th></tr></thead><tbody><tr><th colspan="4">SeleniumPracticeSuite</th></tr></tbody><tbody id="t0"><tr><th colspan="4">FaceBookLogin &#8212; failed</th></tr><tr class="failedeven"><td rowspan="1">Selenium1FirstTest</td><td><a href="#m0">loginFaceBook</a></td><td rowspan="1">1546944384500</td><td rowspan="1">5185</td></tr></tbody>
<tbody id="t1"><tr><th colspan="4">RadioButtonsTest &#8212; passed</th></tr><tr class="passedeven"><td rowspan="1">Selenium2RadioButtons</td><td><a href="#m1">RadioButtonPractice</a></td><td rowspan="1">1546944392089</td><td rowspan="1">7421</td></tr></tbody>
<tbody id="t2"><tr><th colspan="4">CheckBoxesTest &#8212; passed</th></tr><tr class="passedeven"><td rowspan="1">Selenium3CheckBoxes</td><td><a href="#m2">CheckBoxPractice</a></td><td rowspan="1">1546944401783</td><td rowspan="1">129023</td></tr></tbody>
<tbody id="t3"><tr><th colspan="4">DropDownSingleTest &#8212; failed</th></tr><tr class="failedeven"><td rowspan="1">Selenium4DropDownSingle</td><td><a href="#m3">dropDownPractice</a></td><td rowspan="1">1546944533060</td><td rowspan="1">6769</td></tr></tbody>
<tbody id="t4"><tr><th colspan="4">DropDownMultipleTest &#8212; failed</th></tr><tr class="failedeven"><td rowspan="1">Selenium5DropDownMultiple</td><td><a href="#m4">multiDropDownPractice</a></td><td rowspan="1">1546944542068</td><td rowspan="1">3965</td></tr></tbody>
<tbody id="t5"><tr><th colspan="4">DropDownBootstrapTest &#8212; passed</th></tr><tr class="passedeven"><td rowspan="1">Selenium6DropDownBootStrap</td><td><a href="#m5">dropdownBootstrapPractice</a></td><td rowspan="1">1546944548171</td><td rowspan="1">34846</td></tr></tbody>
<tbody id="t6"><tr><th colspan="4">VerifyErrorTest &#8212; passed</th></tr><tr class="passedeven"><td rowspan="1">Selenium7VerifyErrorText</td><td><a href="#m6">VerifyErrorTextPractice</a></td><td rowspan="1">1546944585256</td><td rowspan="1">20437</td></tr></tbody>
<tbody id="t7"><tr><th colspan="4">ToolTipTest &#8212; passed</th></tr><tr class="passedeven"><td rowspan="1">Selenium8ToolTipSimple</td><td><a href="#m7">toolTipPractice</a></td><td rowspan="1">1546944607911</td><td rowspan="1">13005</td></tr></tbody>
<tbody id="t8"><tr><th colspan="4">ToolTipJSQueryTest &#8212; passed</th></tr><tr class="passedeven"><td rowspan="1">Selenium9ToolTipsJQuery</td><td><a href="#m8">toolTipPractice</a></td><td rowspan="1">1546944623157</td><td rowspan="1">21738</td></tr></tbody>
<tbody id="t9"><tr><th colspan="4">ClickImageTest &#8212; failed</th></tr><tr class="failedeven"><td rowspan="1">Selenium10ClickImage</td><td><a href="#m9">clickImagePractice</a></td><td rowspan="1">1546944647065</td><td rowspan="1">22514</td></tr></tbody>
<tbody id="t10"><tr><th colspan="4">LinkTest &#8212; passed</th></tr><tr class="passedeven"><td rowspan="1">Selenium11LinkText</td><td><a href="#m10">linkTextPractice</a></td><td rowspan="1">1546944671738</td><td rowspan="1">20521</td></tr></tbody>
<tbody id="t11"><tr><th colspan="4">PartialLinkTest &#8212; passed</th></tr><tr class="passedeven"><td rowspan="1">Selenium12PartialLinkText</td><td><a href="#m11">partialLinkText</a></td><td rowspan="1">1546944694553</td><td rowspan="1">17212</td></tr></tbody>
<tbody id="t12"><tr><th colspan="4">WaitImplicitTest &#8212; failed</th></tr><tr class="failedeven"><td rowspan="1">Selenium13WaitsImplicitWait</td><td><a href="#m12">implicitWaitPractice</a></td><td rowspan="1">1546944713971</td><td rowspan="1">50696</td></tr></tbody>
<tbody id="t13"><tr><th colspan="4">WaitExplicitTest &#8212; passed</th></tr><tr class="passedeven"><td rowspan="1">Selenium14WaitsExplicitWait</td><td><a href="#m13">explicitWait</a></td><td rowspan="1">1546944766957</td><td rowspan="1">25977</td></tr></tbody>
<tbody id="t14"><tr><th colspan="4">WaitExplicit2 &#8212; passed</th></tr><tr class="passedeven"><td rowspan="1">Selenium15WaitsExplicitWait2</td><td><a href="#m14">explicitWait</a></td><td rowspan="1">1546944795719</td><td rowspan="1">18491</td></tr></tbody>
<tbody id="t15"><tr><th colspan="4">Alerts1Test &#8212; passed</th></tr><tr class="passedeven"><td rowspan="1">Selenium18Alerts1</td><td><a href="#m15">alertsPracticeJSAlert</a></td><td rowspan="1">1546944818377</td><td rowspan="1">8357</td></tr></tbody>
<tbody id="t16"><tr><th colspan="4">Alerts2Test &#8212; failed</th></tr><tr class="failedeven"><td rowspan="1">Selenium19Alerts2</td><td><a href="#m16">alertPracticeJSConfirm</a></td><td rowspan="1">1546944829207</td><td rowspan="1">18397</td></tr></tbody>
</table>
<h2>FaceBookLogin</h2><h3 id="m0">Selenium1FirstTest#loginFaceBook</h3><table class="result"><tr><th>Exception</th></tr><tr><td><div class="stacktrace">java.lang.AssertionError: Facebook is not at sign in page. Title found : &apos;&apos; did not expect to find [true] but found [false]
	at Selenium1FirstTest.loginFaceBook(Selenium1FirstTest.java:17)
... Removed 27 stack frames</div></td></tr></table><p class="totop"><a href="#summary">back to summary</a></p>
<h2>RadioButtonsTest</h2><h3 id="m1">Selenium2RadioButtons#RadioButtonPractice</h3><table class="result"><tr><th class="invisible"/></tr></table><p class="totop"><a href="#summary">back to summary</a></p>
<h2>CheckBoxesTest</h2><h3 id="m2">Selenium3CheckBoxes#CheckBoxPractice</h3><table class="result"><tr><th class="invisible"/></tr></table><p class="totop"><a href="#summary">back to summary</a></p>
<h2>DropDownSingleTest</h2><h3 id="m3">Selenium4DropDownSingle#dropDownPractice</h3><table class="result"><tr><th>Exception</th></tr><tr><td><div class="stacktrace">org.openqa.selenium.NoSuchElementException: no such element: Unable to locate element: {&quot;method&quot;:&quot;xpath&quot;,&quot;selector&quot;:&quot;//select[@id=&apos;day&apos;]&quot;}
  (Session info: chrome=71.0.3578.98)
  (Driver info: chromedriver=2.44.609538 (b655c5a60b0b544917107a59d4153d4bf78e1b90),platform=Windows NT 10.0.14393 x86_64) (WARNING: The server did not provide any stacktrace information)
Command duration or timeout: 0 milliseconds
For documentation on this error, please visit: https://www.seleniumhq.org/exceptions/no_such_element.html
Build info: version: &apos;3.141.59&apos;, revision: &apos;e82be7d358&apos;, time: &apos;2018-11-14T08:17:03&apos;
System info: host: &apos;IND-PF0XJQYL-LT&apos;, ip: &apos;10.176.66.55&apos;, os.name: &apos;Windows 8.1&apos;, os.arch: &apos;x86&apos;, os.version: &apos;6.3&apos;, java.version: &apos;1.8.0_31&apos;
Driver info: org.openqa.selenium.chrome.ChromeDriver
Capabilities {acceptInsecureCerts: false, acceptSslCerts: false, applicationCacheEnabled: false, browserConnectionEnabled: false, browserName: chrome, chrome: {chromedriverVersion: 2.44.609538 (b655c5a60b0b54..., userDataDir: C:\Users\RAJESH~1\AppData\L...}, cssSelectorsEnabled: true, databaseEnabled: false, goog:chromeOptions: {debuggerAddress: localhost:55961}, handlesAlerts: true, hasTouchScreen: false, javascriptEnabled: true, locationContextEnabled: true, mobileEmulationEnabled: false, nativeEvents: true, networkConnectionEnabled: false, pageLoadStrategy: normal, platform: XP, platformName: XP, rotatable: false, setWindowRect: true, takesHeapSnapshot: true, takesScreenshot: true, unexpectedAlertBehaviour: ignore, unhandledPromptBehavior: ignore, version: 71.0.3578.98, webStorageEnabled: true}
Session ID: 280e142c2212fdb6dffa5b7301793eae
*** Element info: {Using=xpath, value=//select[@id=&apos;day&apos;]}
	at org.openqa.selenium.remote.ErrorHandler.createThrowable(ErrorHandler.java:214)
	at org.openqa.selenium.remote.ErrorHandler.throwIfResponseFailed(ErrorHandler.java:166)
	at org.openqa.selenium.remote.http.JsonHttpResponseCodec.reconstructValue(JsonHttpResponseCodec.java:40)
	at org.openqa.selenium.remote.http.AbstractHttpResponseCodec.decode(AbstractHttpResponseCodec.java:80)
	at org.openqa.selenium.remote.http.AbstractHttpResponseCodec.decode(AbstractHttpResponseCodec.java:44)
	at org.openqa.selenium.remote.HttpCommandExecutor.execute(HttpCommandExecutor.java:158)
	at org.openqa.selenium.remote.service.DriverCommandExecutor.execute(DriverCommandExecutor.java:83)
	at org.openqa.selenium.remote.RemoteWebDriver.execute(RemoteWebDriver.java:552)
	at org.openqa.selenium.remote.RemoteWebDriver.findElement(RemoteWebDriver.java:323)
	at org.openqa.selenium.remote.RemoteWebDriver.findElementByXPath(RemoteWebDriver.java:428)
	at org.openqa.selenium.By$ByXPath.findElement(By.java:353)
	at org.openqa.selenium.remote.RemoteWebDriver.findElement(RemoteWebDriver.java:315)
	at Selenium4DropDownSingle.dropDownPractice(Selenium4DropDownSingle.java:17)
... Removed 28 stack frames</div></td></tr></table><p class="totop"><a href="#summary">back to summary</a></p>
<h2>DropDownMultipleTest</h2><h3 id="m4">Selenium5DropDownMultiple#multiDropDownPractice</h3><table class="result"><tr><th>Exception</th></tr><tr><td><div class="stacktrace">org.openqa.selenium.NoSuchElementException: no such element: Unable to locate element: {&quot;method&quot;:&quot;id&quot;,&quot;selector&quot;:&quot;fruits&quot;}
  (Session info: chrome=71.0.3578.98)
  (Driver info: chromedriver=2.44.609538 (b655c5a60b0b544917107a59d4153d4bf78e1b90),platform=Windows NT 10.0.14393 x86_64) (WARNING: The server did not provide any stacktrace information)
Command duration or timeout: 0 milliseconds
For documentation on this error, please visit: https://www.seleniumhq.org/exceptions/no_such_element.html
Build info: version: &apos;3.141.59&apos;, revision: &apos;e82be7d358&apos;, time: &apos;2018-11-14T08:17:03&apos;
System info: host: &apos;IND-PF0XJQYL-LT&apos;, ip: &apos;10.176.66.55&apos;, os.name: &apos;Windows 8.1&apos;, os.arch: &apos;x86&apos;, os.version: &apos;6.3&apos;, java.version: &apos;1.8.0_31&apos;
Driver info: org.openqa.selenium.chrome.ChromeDriver
Capabilities {acceptInsecureCerts: false, acceptSslCerts: false, applicationCacheEnabled: false, browserConnectionEnabled: false, browserName: chrome, chrome: {chromedriverVersion: 2.44.609538 (b655c5a60b0b54..., userDataDir: C:\Users\RAJESH~1\AppData\L...}, cssSelectorsEnabled: true, databaseEnabled: false, goog:chromeOptions: {debuggerAddress: localhost:56000}, handlesAlerts: true, hasTouchScreen: false, javascriptEnabled: true, locationContextEnabled: true, mobileEmulationEnabled: false, nativeEvents: true, networkConnectionEnabled: false, pageLoadStrategy: normal, platform: XP, platformName: XP, rotatable: false, setWindowRect: true, takesHeapSnapshot: true, takesScreenshot: true, unexpectedAlertBehaviour: ignore, unhandledPromptBehavior: ignore, version: 71.0.3578.98, webStorageEnabled: true}
Session ID: 94f0d02e9515b9a045a0ff0e6907c341
*** Element info: {Using=id, value=fruits}
	at org.openqa.selenium.remote.ErrorHandler.createThrowable(ErrorHandler.java:214)
	at org.openqa.selenium.remote.ErrorHandler.throwIfResponseFailed(ErrorHandler.java:166)
	at org.openqa.selenium.remote.http.JsonHttpResponseCodec.reconstructValue(JsonHttpResponseCodec.java:40)
	at org.openqa.selenium.remote.http.AbstractHttpResponseCodec.decode(AbstractHttpResponseCodec.java:80)
	at org.openqa.selenium.remote.http.AbstractHttpResponseCodec.decode(AbstractHttpResponseCodec.java:44)
	at org.openqa.selenium.remote.HttpCommandExecutor.execute(HttpCommandExecutor.java:158)
	at org.openqa.selenium.remote.service.DriverCommandExecutor.execute(DriverCommandExecutor.java:83)
	at org.openqa.selenium.remote.RemoteWebDriver.execute(RemoteWebDriver.java:552)
	at org.openqa.selenium.remote.RemoteWebDriver.findElement(RemoteWebDriver.java:323)
	at org.openqa.selenium.remote.RemoteWebDriver.findElementById(RemoteWebDriver.java:372)
	at org.openqa.selenium.By$ById.findElement(By.java:188)
	at org.openqa.selenium.remote.RemoteWebDriver.findElement(RemoteWebDriver.java:315)
	at Selenium5DropDownMultiple.multiDropDownPractice(Selenium5DropDownMultiple.java:17)
... Removed 28 stack frames</div></td></tr></table><p class="totop"><a href="#summary">back to summary</a></p>
<h2>DropDownBootstrapTest</h2><h3 id="m5">Selenium6DropDownBootStrap#dropdownBootstrapPractice</h3><table class="result"><tr><th class="invisible"/></tr></table><p class="totop"><a href="#summary">back to summary</a></p>
<h2>VerifyErrorTest</h2><h3 id="m6">Selenium7VerifyErrorText#VerifyErrorTextPractice</h3><table class="result"><tr><th class="invisible"/></tr></table><p class="totop"><a href="#summary">back to summary</a></p>
<h2>ToolTipTest</h2><h3 id="m7">Selenium8ToolTipSimple#toolTipPractice</h3><table class="result"><tr><th class="invisible"/></tr></table><p class="totop"><a href="#summary">back to summary</a></p>
<h2>ToolTipJSQueryTest</h2><h3 id="m8">Selenium9ToolTipsJQuery#toolTipPractice</h3><table class="result"><tr><th class="invisible"/></tr></table><p class="totop"><a href="#summary">back to summary</a></p>
<h2>ClickImageTest</h2><h3 id="m9">Selenium10ClickImage#clickImagePractice</h3><table class="result"><tr><th>Exception</th></tr><tr><td><div class="stacktrace">org.openqa.selenium.NoSuchElementException: no such element: Unable to locate element: {&quot;method&quot;:&quot;xpath&quot;,&quot;selector&quot;:&quot;//a[@title=&apos;Go to Facebook home&apos;]&quot;}
  (Session info: chrome=71.0.3578.98)
  (Driver info: chromedriver=2.44.609538 (b655c5a60b0b544917107a59d4153d4bf78e1b90),platform=Windows NT 10.0.14393 x86_64) (WARNING: The server did not provide any stacktrace information)
Command duration or timeout: 0 milliseconds
For documentation on this error, please visit: https://www.seleniumhq.org/exceptions/no_such_element.html
Build info: version: &apos;3.141.59&apos;, revision: &apos;e82be7d358&apos;, time: &apos;2018-11-14T08:17:03&apos;
System info: host: &apos;IND-PF0XJQYL-LT&apos;, ip: &apos;10.176.66.55&apos;, os.name: &apos;Windows 8.1&apos;, os.arch: &apos;x86&apos;, os.version: &apos;6.3&apos;, java.version: &apos;1.8.0_31&apos;
Driver info: org.openqa.selenium.chrome.ChromeDriver
Capabilities {acceptInsecureCerts: false, acceptSslCerts: false, applicationCacheEnabled: false, browserConnectionEnabled: false, browserName: chrome, chrome: {chromedriverVersion: 2.44.609538 (b655c5a60b0b54..., userDataDir: C:\Users\RAJESH~1\AppData\L...}, cssSelectorsEnabled: true, databaseEnabled: false, goog:chromeOptions: {debuggerAddress: localhost:56398}, handlesAlerts: true, hasTouchScreen: false, javascriptEnabled: true, locationContextEnabled: true, mobileEmulationEnabled: false, nativeEvents: true, networkConnectionEnabled: false, pageLoadStrategy: normal, platform: XP, platformName: XP, rotatable: false, setWindowRect: true, takesHeapSnapshot: true, takesScreenshot: true, unexpectedAlertBehaviour: ignore, unhandledPromptBehavior: ignore, version: 71.0.3578.98, webStorageEnabled: true}
Session ID: e9d2ee072615bd1a224a107efdb99c03
*** Element info: {Using=xpath, value=//a[@title=&apos;Go to Facebook home&apos;]}
	at org.openqa.selenium.remote.ErrorHandler.createThrowable(ErrorHandler.java:214)
	at org.openqa.selenium.remote.ErrorHandler.throwIfResponseFailed(ErrorHandler.java:166)
	at org.openqa.selenium.remote.http.JsonHttpResponseCodec.reconstructValue(JsonHttpResponseCodec.java:40)
	at org.openqa.selenium.remote.http.AbstractHttpResponseCodec.decode(AbstractHttpResponseCodec.java:80)
	at org.openqa.selenium.remote.http.AbstractHttpResponseCodec.decode(AbstractHttpResponseCodec.java:44)
	at org.openqa.selenium.remote.HttpCommandExecutor.execute(HttpCommandExecutor.java:158)
	at org.openqa.selenium.remote.service.DriverCommandExecutor.execute(DriverCommandExecutor.java:83)
	at org.openqa.selenium.remote.RemoteWebDriver.execute(RemoteWebDriver.java:552)
	at org.openqa.selenium.remote.RemoteWebDriver.findElement(RemoteWebDriver.java:323)
	at org.openqa.selenium.remote.RemoteWebDriver.findElementByXPath(RemoteWebDriver.java:428)
	at org.openqa.selenium.By$ByXPath.findElement(By.java:353)
	at org.openqa.selenium.remote.RemoteWebDriver.findElement(RemoteWebDriver.java:315)
	at Selenium10ClickImage.clickImagePractice(Selenium10ClickImage.java:12)
... Removed 28 stack frames</div></td></tr></table><p class="totop"><a href="#summary">back to summary</a></p>
<h2>LinkTest</h2><h3 id="m10">Selenium11LinkText#linkTextPractice</h3><table class="result"><tr><th class="invisible"/></tr></table><p class="totop"><a href="#summary">back to summary</a></p>
<h2>PartialLinkTest</h2><h3 id="m11">Selenium12PartialLinkText#partialLinkText</h3><table class="result"><tr><th class="invisible"/></tr></table><p class="totop"><a href="#summary">back to summary</a></p>
<h2>WaitImplicitTest</h2><h3 id="m12">Selenium13WaitsImplicitWait#implicitWaitPractice</h3><table class="result"><tr><th>Exception</th></tr><tr><td><div class="stacktrace">org.openqa.selenium.NoSuchElementException: no such element: Unable to locate element: {&quot;method&quot;:&quot;xpath&quot;,&quot;selector&quot;:&quot;//li[@select-id=&apos;results[100]&apos;]&quot;}
  (Session info: chrome=71.0.3578.98)
  (Driver info: chromedriver=2.44.609538 (b655c5a60b0b544917107a59d4153d4bf78e1b90),platform=Windows NT 10.0.14393 x86_64) (WARNING: The server did not provide any stacktrace information)
Command duration or timeout: 0 milliseconds
For documentation on this error, please visit: https://www.seleniumhq.org/exceptions/no_such_element.html
Build info: version: &apos;3.141.59&apos;, revision: &apos;e82be7d358&apos;, time: &apos;2018-11-14T08:17:03&apos;
System info: host: &apos;IND-PF0XJQYL-LT&apos;, ip: &apos;10.176.66.55&apos;, os.name: &apos;Windows 8.1&apos;, os.arch: &apos;x86&apos;, os.version: &apos;6.3&apos;, java.version: &apos;1.8.0_31&apos;
Driver info: org.openqa.selenium.chrome.ChromeDriver
Capabilities {acceptInsecureCerts: false, acceptSslCerts: false, applicationCacheEnabled: false, browserConnectionEnabled: false, browserName: chrome, chrome: {chromedriverVersion: 2.44.609538 (b655c5a60b0b54..., userDataDir: C:\Users\RAJESH~1\AppData\L...}, cssSelectorsEnabled: true, databaseEnabled: false, goog:chromeOptions: {debuggerAddress: localhost:56609}, handlesAlerts: true, hasTouchScreen: false, javascriptEnabled: true, locationContextEnabled: true, mobileEmulationEnabled: false, nativeEvents: true, networkConnectionEnabled: false, pageLoadStrategy: normal, platform: XP, platformName: XP, rotatable: false, setWindowRect: true, takesHeapSnapshot: true, takesScreenshot: true, unexpectedAlertBehaviour: ignore, unhandledPromptBehavior: ignore, version: 71.0.3578.98, webStorageEnabled: true}
Session ID: 1023035b5abc1cbde2ae4534789ce0c7
*** Element info: {Using=xpath, value=//li[@select-id=&apos;results[100]&apos;]}
	at org.openqa.selenium.remote.ErrorHandler.createThrowable(ErrorHandler.java:214)
	at org.openqa.selenium.remote.ErrorHandler.throwIfResponseFailed(ErrorHandler.java:166)
	at org.openqa.selenium.remote.http.JsonHttpResponseCodec.reconstructValue(JsonHttpResponseCodec.java:40)
	at org.openqa.selenium.remote.http.AbstractHttpResponseCodec.decode(AbstractHttpResponseCodec.java:80)
	at org.openqa.selenium.remote.http.AbstractHttpResponseCodec.decode(AbstractHttpResponseCodec.java:44)
	at org.openqa.selenium.remote.HttpCommandExecutor.execute(HttpCommandExecutor.java:158)
	at org.openqa.selenium.remote.service.DriverCommandExecutor.execute(DriverCommandExecutor.java:83)
	at org.openqa.selenium.remote.RemoteWebDriver.execute(RemoteWebDriver.java:552)
	at org.openqa.selenium.remote.RemoteWebDriver.findElement(RemoteWebDriver.java:323)
	at org.openqa.selenium.remote.RemoteWebDriver.findElementByXPath(RemoteWebDriver.java:428)
	at org.openqa.selenium.By$ByXPath.findElement(By.java:353)
	at org.openqa.selenium.remote.RemoteWebDriver.findElement(RemoteWebDriver.java:315)
	at Selenium13WaitsImplicitWait.implicitWaitPractice(Selenium13WaitsImplicitWait.java:22)
... Removed 28 stack frames</div></td></tr></table><p class="totop"><a href="#summary">back to summary</a></p>
<h2>WaitExplicitTest</h2><h3 id="m13">Selenium14WaitsExplicitWait#explicitWait</h3><table class="result"><tr><th class="invisible"/></tr></table><p class="totop"><a href="#summary">back to summary</a></p>
<h2>WaitExplicit2</h2><h3 id="m14">Selenium15WaitsExplicitWait2#explicitWait</h3><table class="result"><tr><th class="invisible"/></tr></table><p class="totop"><a href="#summary">back to summary</a></p>
<h2>Alerts1Test</h2><h3 id="m15">Selenium18Alerts1#alertsPracticeJSAlert</h3><table class="result"><tr><th class="invisible"/></tr></table><p class="totop"><a href="#summary">back to summary</a></p>
<h2>Alerts2Test</h2><h3 id="m16">Selenium19Alerts2#alertPracticeJSConfirm</h3><table class="result"><tr><th>Exception</th></tr><tr><td><div class="stacktrace">java.lang.AssertionError: The following asserts failed:
	Result msg is not as expected. Expected : You clicked: Ok, Actual : You clicked: Cancel did not expect to find [You clicked: Cancel] but found [You clicked: Ok]
	at Selenium19Alerts2.alertPracticeJSConfirm(Selenium19Alerts2.java:54)
... Removed 25 stack frames</div></td></tr></table><p class="totop"><a href="#summary">back to summary</a></p>
</body>
</html>
