<?xml version="1.0" encoding="UTF-8"?>
<testng-results skipped="0" failed="6" ignored="0" total="17" passed="11">
  <reporter-output>
  </reporter-output>
  <suite name="SeleniumPracticeSuite" duration-ms="466205" started-at="2019-01-08T16:16:22 IST" finished-at="2019-01-08T16:24:08 IST">
    <groups>
    </groups>
    <test name="FaceBookLogin" duration-ms="8148" started-at="2019-01-08T16:16:22 IST" finished-at="2019-01-08T16:16:30 IST">
      <class name="Selenium1FirstTest">
        <test-method status="PASS" signature="setupBrowser()[pri:0, instance:Selenium1FirstTest@cd8737]" name="setupBrowser" is-config="true" duration-ms="2188" started-at="2019-01-08T16:16:22 IST" finished-at="2019-01-08T16:16:24 IST">
          <reporter-output>
          </reporter-output>
        </test-method> <!-- setupBrowser -->
        <test-method status="FAIL" signature="loginFaceBook()[pri:0, instance:Selenium1FirstTest@cd8737]" name="loginFaceBook" duration-ms="5185" started-at="2019-01-08T16:16:24 IST" finished-at="2019-01-08T16:16:29 IST">
          <exception class="java.lang.AssertionError">
            <message>
              <![CDATA[Facebook is not at sign in page. Title found : '' did not expect to find [true] but found [false]]]>
            </message>
            <full-stacktrace>
              <![CDATA[java.lang.AssertionError: Facebook is not at sign in page. Title found : '' did not expect to find [true] but found [false]
at org.testng.Assert.fail(Assert.java:97)
at org.testng.Assert.failNotEquals(Assert.java:969)
at org.testng.Assert.assertTrue(Assert.java:43)
at Selenium1FirstTest.loginFaceBook(Selenium1FirstTest.java:17)
at sun.reflect.NativeMethodAccessorImpl.invoke0(Native Method)
at sun.reflect.NativeMethodAccessorImpl.invoke(NativeMethodAccessorImpl.java:62)
at sun.reflect.DelegatingMethodAccessorImpl.invoke(DelegatingMethodAccessorImpl.java:43)
at java.lang.reflect.Method.invoke(Method.java:483)
at org.testng.internal.MethodInvocationHelper.invokeMethod(MethodInvocationHelper.java:131)
at org.testng.internal.Invoker.invokeMethod(Invoker.java:658)
at org.testng.internal.Invoker.invokeTestMethod(Invoker.java:792)
at org.testng.internal.Invoker.invokeTestMethods(Invoker.java:1103)
at org.testng.internal.TestMethodWorker.invokeTestMethods(TestMethodWorker.java:140)
at org.testng.internal.TestMethodWorker.run(TestMethodWorker.java:122)
at org.testng.TestRunner.privateRun(TestRunner.java:739)
at org.testng.TestRunner.run(TestRunner.java:589)
at org.testng.SuiteRunner.runTest(SuiteRunner.java:398)
at org.testng.SuiteRunner.runSequentially(SuiteRunner.java:392)
at org.testng.SuiteRunner.privateRun(SuiteRunner.java:354)
at org.testng.SuiteRunner.run(SuiteRunner.java:302)
at org.testng.SuiteRunnerWorker.runSuite(SuiteRunnerWorker.java:53)
at org.testng.SuiteRunnerWorker.run(SuiteRunnerWorker.java:96)
at org.testng.TestNG.runSuitesSequentially(TestNG.java:1145)
at org.testng.TestNG.runSuitesLocally(TestNG.java:1067)
at org.testng.TestNG.runSuites(TestNG.java:997)
at org.testng.TestNG.run(TestNG.java:965)
at org.testng.IDEARemoteTestNG.run(IDEARemoteTestNG.java:73)
at org.testng.RemoteTestNGStarter.main(RemoteTestNGStarter.java:123)
]]>
            </full-stacktrace>
          </exception> <!-- java.lang.AssertionError -->
          <reporter-output>
          </reporter-output>
        </test-method> <!-- loginFaceBook -->
        <test-method status="PASS" signature="cleanupBrowser()[pri:0, instance:Selenium1FirstTest@cd8737]" name="cleanupBrowser" is-config="true" duration-ms="718" started-at="2019-01-08T16:16:29 IST" finished-at="2019-01-08T16:16:30 IST">
          <reporter-output>
          </reporter-output>
        </test-method> <!-- cleanupBrowser -->
      </class> <!-- Selenium1FirstTest -->
    </test> <!-- FaceBookLogin -->
    <test name="RadioButtonsTest" duration-ms="9818" started-at="2019-01-08T16:16:30 IST" finished-at="2019-01-08T16:16:40 IST">
      <class name="Selenium2RadioButtons">
        <test-method status="PASS" signature="setupBrowser()[pri:0, instance:Selenium2RadioButtons@1f2a3a5]" name="setupBrowser" is-config="true" duration-ms="1629" started-at="2019-01-08T16:16:30 IST" finished-at="2019-01-08T16:16:32 IST">
          <reporter-output>
          </reporter-output>
        </test-method> <!-- setupBrowser -->
        <test-method status="PASS" signature="RadioButtonPractice()[pri:0, instance:Selenium2RadioButtons@1f2a3a5]" name="RadioButtonPractice" duration-ms="7421" started-at="2019-01-08T16:16:32 IST" finished-at="2019-01-08T16:16:39 IST">
          <reporter-output>
          </reporter-output>
        </test-method> <!-- RadioButtonPractice -->
        <test-method status="PASS" signature="cleanupBrowser()[pri:0, instance:Selenium2RadioButtons@1f2a3a5]" name="cleanupBrowser" is-config="true" duration-ms="768" started-at="2019-01-08T16:16:39 IST" finished-at="2019-01-08T16:16:40 IST">
          <reporter-output>
          </reporter-output>
        </test-method> <!-- cleanupBrowser -->
      </class> <!-- Selenium2RadioButtons -->
    </test> <!-- RadioButtonsTest -->
    <test name="CheckBoxesTest" duration-ms="131246" started-at="2019-01-08T16:16:40 IST" finished-at="2019-01-08T16:18:51 IST">
      <class name="Selenium3CheckBoxes">
        <test-method status="PASS" signature="setupBrowser()[pri:0, instance:Selenium3CheckBoxes@1e46e8f]" name="setupBrowser" is-config="true" duration-ms="1474" started-at="2019-01-08T16:16:40 IST" finished-at="2019-01-08T16:16:41 IST">
          <reporter-output>
          </reporter-output>
        </test-method> <!-- setupBrowser -->
        <test-method status="PASS" signature="CheckBoxPractice()[pri:0, instance:Selenium3CheckBoxes@1e46e8f]" name="CheckBoxPractice" duration-ms="129023" started-at="2019-01-08T16:16:41 IST" finished-at="2019-01-08T16:18:50 IST">
          <reporter-output>
          </reporter-output>
        </test-method> <!-- CheckBoxPractice -->
        <test-method status="PASS" signature="cleanupBrowser()[pri:0, instance:Selenium3CheckBoxes@1e46e8f]" name="cleanupBrowser" is-config="true" duration-ms="749" started-at="2019-01-08T16:18:50 IST" finished-at="2019-01-08T16:18:51 IST">
          <reporter-output>
          </reporter-output>
        </test-method> <!-- cleanupBrowser -->
      </class> <!-- Selenium3CheckBoxes -->
    </test> <!-- CheckBoxesTest -->
    <test name="DropDownSingleTest" duration-ms="8993" started-at="2019-01-08T16:18:51 IST" finished-at="2019-01-08T16:19:00 IST">
      <class name="Selenium4DropDownSingle">
        <test-method status="PASS" signature="setupBrowser()[pri:0, instance:Selenium4DropDownSingle@1143ee9]" name="setupBrowser" is-config="true" duration-ms="1505" started-at="2019-01-08T16:18:51 IST" finished-at="2019-01-08T16:18:53 IST">
          <reporter-output>
          </reporter-output>
        </test-method> <!-- setupBrowser -->
        <test-method status="FAIL" signature="dropDownPractice()[pri:0, instance:Selenium4DropDownSingle@1143ee9]" name="dropDownPractice" duration-ms="6769" started-at="2019-01-08T16:18:53 IST" finished-at="2019-01-08T16:18:59 IST">
          <exception class="org.openqa.selenium.NoSuchElementException">
            <message>
              <![CDATA[no such element: Unable to locate element: {"method":"xpath","selector":"//select[@id='day']"}
  (Session info: chrome=71.0.3578.98)
  (Driver info: chromedriver=2.44.609538 (b655c5a60b0b544917107a59d4153d4bf78e1b90),platform=Windows NT 10.0.14393 x86_64) (WARNING: The server did not provide any stacktrace information)
Command duration or timeout: 0 milliseconds
For documentation on this error, please visit: https://www.seleniumhq.org/exceptions/no_such_element.html
Build info: version: '3.141.59', revision: 'e82be7d358', time: '2018-11-14T08:17:03'
System info: host: 'IND-PF0XJQYL-LT', ip: '10.176.66.55', os.name: 'Windows 8.1', os.arch: 'x86', os.version: '6.3', java.version: '1.8.0_31'
Driver info: org.openqa.selenium.chrome.ChromeDriver
Capabilities {acceptInsecureCerts: false, acceptSslCerts: false, applicationCacheEnabled: false, browserConnectionEnabled: false, browserName: chrome, chrome: {chromedriverVersion: 2.44.609538 (b655c5a60b0b54..., userDataDir: C:\Users\RAJESH~1\AppData\L...}, cssSelectorsEnabled: true, databaseEnabled: false, goog:chromeOptions: {debuggerAddress: localhost:55961}, handlesAlerts: true, hasTouchScreen: false, javascriptEnabled: true, locationContextEnabled: true, mobileEmulationEnabled: false, nativeEvents: true, networkConnectionEnabled: false, pageLoadStrategy: normal, platform: XP, platformName: XP, rotatable: false, setWindowRect: true, takesHeapSnapshot: true, takesScreenshot: true, unexpectedAlertBehaviour: ignore, unhandledPromptBehavior: ignore, version: 71.0.3578.98, webStorageEnabled: true}
Session ID: 280e142c2212fdb6dffa5b7301793eae
*** Element info: {Using=xpath, value=//select[@id='day']}]]>
            </message>
            <full-stacktrace>
              <![CDATA[org.openqa.selenium.NoSuchElementException: no such element: Unable to locate element: {"method":"xpath","selector":"//select[@id='day']"}
  (Session info: chrome=71.0.3578.98)
  (Driver info: chromedriver=2.44.609538 (b655c5a60b0b544917107a59d4153d4bf78e1b90),platform=Windows NT 10.0.14393 x86_64) (WARNING: The server did not provide any stacktrace information)
Command duration or timeout: 0 milliseconds
For documentation on this error, please visit: https://www.seleniumhq.org/exceptions/no_such_element.html
Build info: version: '3.141.59', revision: 'e82be7d358', time: '2018-11-14T08:17:03'
System info: host: 'IND-PF0XJQYL-LT', ip: '10.176.66.55', os.name: 'Windows 8.1', os.arch: 'x86', os.version: '6.3', java.version: '1.8.0_31'
Driver info: org.openqa.selenium.chrome.ChromeDriver
Capabilities {acceptInsecureCerts: false, acceptSslCerts: false, applicationCacheEnabled: false, browserConnectionEnabled: false, browserName: chrome, chrome: {chromedriverVersion: 2.44.609538 (b655c5a60b0b54..., userDataDir: C:\Users\RAJESH~1\AppData\L...}, cssSelectorsEnabled: true, databaseEnabled: false, goog:chromeOptions: {debuggerAddress: localhost:55961}, handlesAlerts: true, hasTouchScreen: false, javascriptEnabled: true, locationContextEnabled: true, mobileEmulationEnabled: false, nativeEvents: true, networkConnectionEnabled: false, pageLoadStrategy: normal, platform: XP, platformName: XP, rotatable: false, setWindowRect: true, takesHeapSnapshot: true, takesScreenshot: true, unexpectedAlertBehaviour: ignore, unhandledPromptBehavior: ignore, version: 71.0.3578.98, webStorageEnabled: true}
Session ID: 280e142c2212fdb6dffa5b7301793eae
*** Element info: {Using=xpath, value=//select[@id='day']}
at sun.reflect.NativeConstructorAccessorImpl.newInstance0(Native Method)
at sun.reflect.NativeConstructorAccessorImpl.newInstance(NativeConstructorAccessorImpl.java:62)
at sun.reflect.DelegatingConstructorAccessorImpl.newInstance(DelegatingConstructorAccessorImpl.java:45)
at java.lang.reflect.Constructor.newInstance(Constructor.java:408)
at org.openqa.selenium.remote.ErrorHandler.createThrowable(ErrorHandler.java:214)
at org.openqa.selenium.remote.ErrorHandler.throwIfResponseFailed(ErrorHandler.java:166)
at org.openqa.selenium.remote.http.JsonHttpResponseCodec.reconstructValue(JsonHttpResponseCodec.java:40)
at org.openqa.selenium.remote.http.AbstractHttpResponseCodec.decode(AbstractHttpResponseCodec.java:80)
at org.openqa.selenium.remote.http.AbstractHttpResponseCodec.decode(AbstractHttpResponseCodec.java:44)
at org.openqa.selenium.remote.HttpCommandExecutor.execute(HttpCommandExecutor.java:158)
at org.openqa.selenium.remote.service.DriverCommandExecutor.execute(DriverCommandExecutor.java:83)
at org.openqa.selenium.remote.RemoteWebDriver.execute(RemoteWebDriver.java:552)
at org.openqa.selenium.remote.RemoteWebDriver.findElement(RemoteWebDriver.java:323)
at org.openqa.selenium.remote.RemoteWebDriver.findElementByXPath(RemoteWebDriver.java:428)
at org.openqa.selenium.By$ByXPath.findElement(By.java:353)
at org.openqa.selenium.remote.RemoteWebDriver.findElement(RemoteWebDriver.java:315)
at Selenium4DropDownSingle.dropDownPractice(Selenium4DropDownSingle.java:17)
at sun.reflect.NativeMethodAccessorImpl.invoke0(Native Method)
at sun.reflect.NativeMethodAccessorImpl.invoke(NativeMethodAccessorImpl.java:62)
at sun.reflect.DelegatingMethodAccessorImpl.invoke(DelegatingMethodAccessorImpl.java:43)
at java.lang.reflect.Method.invoke(Method.java:483)
at org.testng.internal.MethodInvocationHelper.invokeMethod(MethodInvocationHelper.java:131)
at org.testng.internal.Invoker.invokeMethod(Invoker.java:658)
at org.testng.internal.Invoker.invokeTestMethod(Invoker.java:792)
at org.testng.internal.Invoker.invokeTestMethods(Invoker.java:1103)
at org.testng.internal.TestMethodWorker.invokeTestMethods(TestMethodWorker.java:140)
at org.testng.internal.TestMethodWorker.run(TestMethodWorker.java:122)
at org.testng.TestRunner.privateRun(TestRunner.java:739)
at org.testng.TestRunner.run(TestRunner.java:589)
at org.testng.SuiteRunner.runTest(SuiteRunner.java:398)
at org.testng.SuiteRunner.runSequentially(SuiteRunner.java:392)
at org.testng.SuiteRunner.privateRun(SuiteRunner.java:354)
at org.testng.SuiteRunner.run(SuiteRunner.java:302)
at org.testng.SuiteRunnerWorker.runSuite(SuiteRunnerWorker.java:53)
at org.testng.SuiteRunnerWorker.run(SuiteRunnerWorker.java:96)
at org.testng.TestNG.runSuitesSequentially(TestNG.java:1145)
at org.testng.TestNG.runSuitesLocally(TestNG.java:1067)
at org.testng.TestNG.runSuites(TestNG.java:997)
at org.testng.TestNG.run(TestNG.java:965)
at org.testng.IDEARemoteTestNG.run(IDEARemoteTestNG.java:73)
at org.testng.RemoteTestNGStarter.main(RemoteTestNGStarter.java:123)
]]>
            </full-stacktrace>
          </exception> <!-- org.openqa.selenium.NoSuchElementException -->
          <reporter-output>
          </reporter-output>
        </test-method> <!-- dropDownPractice -->
        <test-method status="PASS" signature="cleanupBrowser()[pri:0, instance:Selenium4DropDownSingle@1143ee9]" name="cleanupBrowser" is-config="true" duration-ms="717" started-at="2019-01-08T16:18:59 IST" finished-at="2019-01-08T16:19:00 IST">
          <reporter-output>
          </reporter-output>
        </test-method> <!-- cleanupBrowser -->
      </class> <!-- Selenium4DropDownSingle -->
    </test> <!-- DropDownSingleTest -->
    <test name="DropDownMultipleTest" duration-ms="6164" started-at="2019-01-08T16:19:00 IST" finished-at="2019-01-08T16:19:06 IST">
      <class name="Selenium5DropDownMultiple">
        <test-method status="PASS" signature="setupBrowser()[pri:0, instance:Selenium5DropDownMultiple@137cf78]" name="setupBrowser" is-config="true" duration-ms="1505" started-at="2019-01-08T16:19:00 IST" finished-at="2019-01-08T16:19:02 IST">
          <reporter-output>
          </reporter-output>
        </test-method> <!-- setupBrowser -->
        <test-method status="FAIL" signature="multiDropDownPractice()[pri:0, instance:Selenium5DropDownMultiple@137cf78]" name="multiDropDownPractice" duration-ms="3965" started-at="2019-01-08T16:19:02 IST" finished-at="2019-01-08T16:19:06 IST">
          <exception class="org.openqa.selenium.NoSuchElementException">
            <message>
              <![CDATA[no such element: Unable to locate element: {"method":"id","selector":"fruits"}
  (Session info: chrome=71.0.3578.98)
  (Driver info: chromedriver=2.44.609538 (b655c5a60b0b544917107a59d4153d4bf78e1b90),platform=Windows NT 10.0.14393 x86_64) (WARNING: The server did not provide any stacktrace information)
Command duration or timeout: 0 milliseconds
For documentation on this error, please visit: https://www.seleniumhq.org/exceptions/no_such_element.html
Build info: version: '3.141.59', revision: 'e82be7d358', time: '2018-11-14T08:17:03'
System info: host: 'IND-PF0XJQYL-LT', ip: '10.176.66.55', os.name: 'Windows 8.1', os.arch: 'x86', os.version: '6.3', java.version: '1.8.0_31'
Driver info: org.openqa.selenium.chrome.ChromeDriver
Capabilities {acceptInsecureCerts: false, acceptSslCerts: false, applicationCacheEnabled: false, browserConnectionEnabled: false, browserName: chrome, chrome: {chromedriverVersion: 2.44.609538 (b655c5a60b0b54..., userDataDir: C:\Users\RAJESH~1\AppData\L...}, cssSelectorsEnabled: true, databaseEnabled: false, goog:chromeOptions: {debuggerAddress: localhost:56000}, handlesAlerts: true, hasTouchScreen: false, javascriptEnabled: true, locationContextEnabled: true, mobileEmulationEnabled: false, nativeEvents: true, networkConnectionEnabled: false, pageLoadStrategy: normal, platform: XP, platformName: XP, rotatable: false, setWindowRect: true, takesHeapSnapshot: true, takesScreenshot: true, unexpectedAlertBehaviour: ignore, unhandledPromptBehavior: ignore, version: 71.0.3578.98, webStorageEnabled: true}
Session ID: 94f0d02e9515b9a045a0ff0e6907c341
*** Element info: {Using=id, value=fruits}]]>
            </message>
            <full-stacktrace>
              <![CDATA[org.openqa.selenium.NoSuchElementException: no such element: Unable to locate element: {"method":"id","selector":"fruits"}
  (Session info: chrome=71.0.3578.98)
  (Driver info: chromedriver=2.44.609538 (b655c5a60b0b544917107a59d4153d4bf78e1b90),platform=Windows NT 10.0.14393 x86_64) (WARNING: The server did not provide any stacktrace information)
Command duration or timeout: 0 milliseconds
For documentation on this error, please visit: https://www.seleniumhq.org/exceptions/no_such_element.html
Build info: version: '3.141.59', revision: 'e82be7d358', time: '2018-11-14T08:17:03'
System info: host: 'IND-PF0XJQYL-LT', ip: '10.176.66.55', os.name: 'Windows 8.1', os.arch: 'x86', os.version: '6.3', java.version: '1.8.0_31'
Driver info: org.openqa.selenium.chrome.ChromeDriver
Capabilities {acceptInsecureCerts: false, acceptSslCerts: false, applicationCacheEnabled: false, browserConnectionEnabled: false, browserName: chrome, chrome: {chromedriverVersion: 2.44.609538 (b655c5a60b0b54..., userDataDir: C:\Users\RAJESH~1\AppData\L...}, cssSelectorsEnabled: true, databaseEnabled: false, goog:chromeOptions: {debuggerAddress: localhost:56000}, handlesAlerts: true, hasTouchScreen: false, javascriptEnabled: true, locationContextEnabled: true, mobileEmulationEnabled: false, nativeEvents: true, networkConnectionEnabled: false, pageLoadStrategy: normal, platform: XP, platformName: XP, rotatable: false, setWindowRect: true, takesHeapSnapshot: true, takesScreenshot: true, unexpectedAlertBehaviour: ignore, unhandledPromptBehavior: ignore, version: 71.0.3578.98, webStorageEnabled: true}
Session ID: 94f0d02e9515b9a045a0ff0e6907c341
*** Element info: {Using=id, value=fruits}
at sun.reflect.NativeConstructorAccessorImpl.newInstance0(Native Method)
at sun.reflect.NativeConstructorAccessorImpl.newInstance(NativeConstructorAccessorImpl.java:62)
at sun.reflect.DelegatingConstructorAccessorImpl.newInstance(DelegatingConstructorAccessorImpl.java:45)
at java.lang.reflect.Constructor.newInstance(Constructor.java:408)
at org.openqa.selenium.remote.ErrorHandler.createThrowable(ErrorHandler.java:214)
at org.openqa.selenium.remote.ErrorHandler.throwIfResponseFailed(ErrorHandler.java:166)
at org.openqa.selenium.remote.http.JsonHttpResponseCodec.reconstructValue(JsonHttpResponseCodec.java:40)
at org.openqa.selenium.remote.http.AbstractHttpResponseCodec.decode(AbstractHttpResponseCodec.java:80)
at org.openqa.selenium.remote.http.AbstractHttpResponseCodec.decode(AbstractHttpResponseCodec.java:44)
at org.openqa.selenium.remote.HttpCommandExecutor.execute(HttpCommandExecutor.java:158)
at org.openqa.selenium.remote.service.DriverCommandExecutor.execute(DriverCommandExecutor.java:83)
at org.openqa.selenium.remote.RemoteWebDriver.execute(RemoteWebDriver.java:552)
at org.openqa.selenium.remote.RemoteWebDriver.findElement(RemoteWebDriver.java:323)
at org.openqa.selenium.remote.RemoteWebDriver.findElementById(RemoteWebDriver.java:372)
at org.openqa.selenium.By$ById.findElement(By.java:188)
at org.openqa.selenium.remote.RemoteWebDriver.findElement(RemoteWebDriver.java:315)
at Selenium5DropDownMultiple.multiDropDownPractice(Selenium5DropDownMultiple.java:17)
at sun.reflect.NativeMethodAccessorImpl.invoke0(Native Method)
at sun.reflect.NativeMethodAccessorImpl.invoke(NativeMethodAccessorImpl.java:62)
at sun.reflect.DelegatingMethodAccessorImpl.invoke(DelegatingMethodAccessorImpl.java:43)
at java.lang.reflect.Method.invoke(Method.java:483)
at org.testng.internal.MethodInvocationHelper.invokeMethod(MethodInvocationHelper.java:131)
at org.testng.internal.Invoker.invokeMethod(Invoker.java:658)
at org.testng.internal.Invoker.invokeTestMethod(Invoker.java:792)
at org.testng.internal.Invoker.invokeTestMethods(Invoker.java:1103)
at org.testng.internal.TestMethodWorker.invokeTestMethods(TestMethodWorker.java:140)
at org.testng.internal.TestMethodWorker.run(TestMethodWorker.java:122)
at org.testng.TestRunner.privateRun(TestRunner.java:739)
at org.testng.TestRunner.run(TestRunner.java:589)
at org.testng.SuiteRunner.runTest(SuiteRunner.java:398)
at org.testng.SuiteRunner.runSequentially(SuiteRunner.java:392)
at org.testng.SuiteRunner.privateRun(SuiteRunner.java:354)
at org.testng.SuiteRunner.run(SuiteRunner.java:302)
at org.testng.SuiteRunnerWorker.runSuite(SuiteRunnerWorker.java:53)
at org.testng.SuiteRunnerWorker.run(SuiteRunnerWorker.java:96)
at org.testng.TestNG.runSuitesSequentially(TestNG.java:1145)
at org.testng.TestNG.runSuitesLocally(TestNG.java:1067)
at org.testng.TestNG.runSuites(TestNG.java:997)
at org.testng.TestNG.run(TestNG.java:965)
at org.testng.IDEARemoteTestNG.run(IDEARemoteTestNG.java:73)
at org.testng.RemoteTestNGStarter.main(RemoteTestNGStarter.java:123)
]]>
            </full-stacktrace>
          </exception> <!-- org.openqa.selenium.NoSuchElementException -->
          <reporter-output>
          </reporter-output>
        </test-method> <!-- multiDropDownPractice -->
        <test-method status="PASS" signature="cleanupBrowser()[pri:0, instance:Selenium5DropDownMultiple@137cf78]" name="cleanupBrowser" is-config="true" duration-ms="688" started-at="2019-01-08T16:19:06 IST" finished-at="2019-01-08T16:19:06 IST">
          <reporter-output>
          </reporter-output>
        </test-method> <!-- cleanupBrowser -->
      </class> <!-- Selenium5DropDownMultiple -->
    </test> <!-- DropDownMultipleTest -->
    <test name="DropDownBootstrapTest" duration-ms="37032" started-at="2019-01-08T16:19:06 IST" finished-at="2019-01-08T16:19:43 IST">
      <class name="Selenium6DropDownBootStrap">
        <test-method status="PASS" signature="setupBrowser()[pri:0, instance:Selenium6DropDownBootStrap@25790e]" name="setupBrowser" is-config="true" duration-ms="1413" started-at="2019-01-08T16:19:06 IST" finished-at="2019-01-08T16:19:08 IST">
          <reporter-output>
          </reporter-output>
        </test-method> <!-- setupBrowser -->
        <test-method status="PASS" signature="dropdownBootstrapPractice()[pri:0, instance:Selenium6DropDownBootStrap@25790e]" name="dropdownBootstrapPractice" duration-ms="34846" started-at="2019-01-08T16:19:08 IST" finished-at="2019-01-08T16:19:43 IST">
          <reporter-output>
          </reporter-output>
        </test-method> <!-- dropdownBootstrapPractice -->
        <test-method status="PASS" signature="cleanupBrowser()[pri:0, instance:Selenium6DropDownBootStrap@25790e]" name="cleanupBrowser" is-config="true" duration-ms="773" started-at="2019-01-08T16:19:43 IST" finished-at="2019-01-08T16:19:43 IST">
          <reporter-output>
          </reporter-output>
        </test-method> <!-- cleanupBrowser -->
      </class> <!-- Selenium6DropDownBootStrap -->
    </test> <!-- DropDownBootstrapTest -->
    <test name="VerifyErrorTest" duration-ms="22624" started-at="2019-01-08T16:19:43 IST" finished-at="2019-01-08T16:20:06 IST">
      <class name="Selenium7VerifyErrorText">
        <test-method status="PASS" signature="setupBrowser()[pri:0, instance:Selenium7VerifyErrorText@135b478]" name="setupBrowser" is-config="true" duration-ms="1450" started-at="2019-01-08T16:19:43 IST" finished-at="2019-01-08T16:19:45 IST">
          <reporter-output>
          </reporter-output>
        </test-method> <!-- setupBrowser -->
        <test-method status="PASS" signature="VerifyErrorTextPractice()[pri:0, instance:Selenium7VerifyErrorText@135b478]" name="VerifyErrorTextPractice" duration-ms="20437" started-at="2019-01-08T16:19:45 IST" finished-at="2019-01-08T16:20:05 IST">
          <reporter-output>
          </reporter-output>
        </test-method> <!-- VerifyErrorTextPractice -->
        <test-method status="PASS" signature="cleanupBrowser()[pri:0, instance:Selenium7VerifyErrorText@135b478]" name="cleanupBrowser" is-config="true" duration-ms="736" started-at="2019-01-08T16:20:05 IST" finished-at="2019-01-08T16:20:06 IST">
          <reporter-output>
          </reporter-output>
        </test-method> <!-- cleanupBrowser -->
      </class> <!-- Selenium7VerifyErrorText -->
    </test> <!-- VerifyErrorTest -->
    <test name="ToolTipTest" duration-ms="15191" started-at="2019-01-08T16:20:06 IST" finished-at="2019-01-08T16:20:21 IST">
      <class name="Selenium8ToolTipSimple">
        <test-method status="PASS" signature="setupBrowser()[pri:0, instance:Selenium8ToolTipSimple@f8360d]" name="setupBrowser" is-config="true" duration-ms="1449" started-at="2019-01-08T16:20:06 IST" finished-at="2019-01-08T16:20:07 IST">
          <reporter-output>
          </reporter-output>
        </test-method> <!-- setupBrowser -->
        <test-method status="PASS" signature="toolTipPractice()[pri:0, instance:Selenium8ToolTipSimple@f8360d]" name="toolTipPractice" duration-ms="13005" started-at="2019-01-08T16:20:07 IST" finished-at="2019-01-08T16:20:20 IST">
          <reporter-output>
          </reporter-output>
        </test-method> <!-- toolTipPractice -->
        <test-method status="PASS" signature="cleanupBrowser()[pri:0, instance:Selenium8ToolTipSimple@f8360d]" name="cleanupBrowser" is-config="true" duration-ms="735" started-at="2019-01-08T16:20:20 IST" finished-at="2019-01-08T16:20:21 IST">
          <reporter-output>
          </reporter-output>
        </test-method> <!-- cleanupBrowser -->
      </class> <!-- Selenium8ToolTipSimple -->
    </test> <!-- ToolTipTest -->
    <test name="ToolTipJSQueryTest" duration-ms="23983" started-at="2019-01-08T16:20:21 IST" finished-at="2019-01-08T16:20:45 IST">
      <class name="Selenium9ToolTipsJQuery">
        <test-method status="PASS" signature="setupBrowser()[pri:0, instance:Selenium9ToolTipsJQuery@13f5a29]" name="setupBrowser" is-config="true" duration-ms="1506" started-at="2019-01-08T16:20:21 IST" finished-at="2019-01-08T16:20:23 IST">
          <reporter-output>
          </reporter-output>
        </test-method> <!-- setupBrowser -->
        <test-method status="PASS" signature="toolTipPractice()[pri:0, instance:Selenium9ToolTipsJQuery@13f5a29]" name="toolTipPractice" duration-ms="21738" started-at="2019-01-08T16:20:23 IST" finished-at="2019-01-08T16:20:44 IST">
          <reporter-output>
          </reporter-output>
        </test-method> <!-- toolTipPractice -->
        <test-method status="PASS" signature="cleanupBrowser()[pri:0, instance:Selenium9ToolTipsJQuery@13f5a29]" name="cleanupBrowser" is-config="true" duration-ms="739" started-at="2019-01-08T16:20:44 IST" finished-at="2019-01-08T16:20:45 IST">
          <reporter-output>
          </reporter-output>
        </test-method> <!-- cleanupBrowser -->
      </class> <!-- Selenium9ToolTipsJQuery -->
    </test> <!-- ToolTipJSQueryTest -->
    <test name="ClickImageTest" duration-ms="24680" started-at="2019-01-08T16:20:45 IST" finished-at="2019-01-08T16:21:10 IST">
      <class name="Selenium10ClickImage">
        <test-method status="PASS" signature="setupBrowser()[pri:0, instance:Selenium10ClickImage@1a485d2]" name="setupBrowser" is-config="true" duration-ms="1430" started-at="2019-01-08T16:20:45 IST" finished-at="2019-01-08T16:20:47 IST">
          <reporter-output>
          </reporter-output>
        </test-method> <!-- setupBrowser -->
        <test-method status="FAIL" signature="clickImagePractice()[pri:0, instance:Selenium10ClickImage@1a485d2]" name="clickImagePractice" duration-ms="22514" started-at="2019-01-08T16:20:47 IST" finished-at="2019-01-08T16:21:09 IST">
          <exception class="org.openqa.selenium.NoSuchElementException">
            <message>
              <![CDATA[no such element: Unable to locate element: {"method":"xpath","selector":"//a[@title='Go to Facebook home']"}
  (Session info: chrome=71.0.3578.98)
  (Driver info: chromedriver=2.44.609538 (b655c5a60b0b544917107a59d4153d4bf78e1b90),platform=Windows NT 10.0.14393 x86_64) (WARNING: The server did not provide any stacktrace information)
Command duration or timeout: 0 milliseconds
For documentation on this error, please visit: https://www.seleniumhq.org/exceptions/no_such_element.html
Build info: version: '3.141.59', revision: 'e82be7d358', time: '2018-11-14T08:17:03'
System info: host: 'IND-PF0XJQYL-LT', ip: '10.176.66.55', os.name: 'Windows 8.1', os.arch: 'x86', os.version: '6.3', java.version: '1.8.0_31'
Driver info: org.openqa.selenium.chrome.ChromeDriver
Capabilities {acceptInsecureCerts: false, acceptSslCerts: false, applicationCacheEnabled: false, browserConnectionEnabled: false, browserName: chrome, chrome: {chromedriverVersion: 2.44.609538 (b655c5a60b0b54..., userDataDir: C:\Users\RAJESH~1\AppData\L...}, cssSelectorsEnabled: true, databaseEnabled: false, goog:chromeOptions: {debuggerAddress: localhost:56398}, handlesAlerts: true, hasTouchScreen: false, javascriptEnabled: true, locationContextEnabled: true, mobileEmulationEnabled: false, nativeEvents: true, networkConnectionEnabled: false, pageLoadStrategy: normal, platform: XP, platformName: XP, rotatable: false, setWindowRect: true, takesHeapSnapshot: true, takesScreenshot: true, unexpectedAlertBehaviour: ignore, unhandledPromptBehavior: ignore, version: 71.0.3578.98, webStorageEnabled: true}
Session ID: e9d2ee072615bd1a224a107efdb99c03
*** Element info: {Using=xpath, value=//a[@title='Go to Facebook home']}]]>
            </message>
            <full-stacktrace>
              <![CDATA[org.openqa.selenium.NoSuchElementException: no such element: Unable to locate element: {"method":"xpath","selector":"//a[@title='Go to Facebook home']"}
  (Session info: chrome=71.0.3578.98)
  (Driver info: chromedriver=2.44.609538 (b655c5a60b0b544917107a59d4153d4bf78e1b90),platform=Windows NT 10.0.14393 x86_64) (WARNING: The server did not provide any stacktrace information)
Command duration or timeout: 0 milliseconds
For documentation on this error, please visit: https://www.seleniumhq.org/exceptions/no_such_element.html
Build info: version: '3.141.59', revision: 'e82be7d358', time: '2018-11-14T08:17:03'
System info: host: 'IND-PF0XJQYL-LT', ip: '10.176.66.55', os.name: 'Windows 8.1', os.arch: 'x86', os.version: '6.3', java.version: '1.8.0_31'
Driver info: org.openqa.selenium.chrome.ChromeDriver
Capabilities {acceptInsecureCerts: false, acceptSslCerts: false, applicationCacheEnabled: false, browserConnectionEnabled: false, browserName: chrome, chrome: {chromedriverVersion: 2.44.609538 (b655c5a60b0b54..., userDataDir: C:\Users\RAJESH~1\AppData\L...}, cssSelectorsEnabled: true, databaseEnabled: false, goog:chromeOptions: {debuggerAddress: localhost:56398}, handlesAlerts: true, hasTouchScreen: false, javascriptEnabled: true, locationContextEnabled: true, mobileEmulationEnabled: false, nativeEvents: true, networkConnectionEnabled: false, pageLoadStrategy: normal, platform: XP, platformName: XP, rotatable: false, setWindowRect: true, takesHeapSnapshot: true, takesScreenshot: true, unexpectedAlertBehaviour: ignore, unhandledPromptBehavior: ignore, version: 71.0.3578.98, webStorageEnabled: true}
Session ID: e9d2ee072615bd1a224a107efdb99c03
*** Element info: {Using=xpath, value=//a[@title='Go to Facebook home']}
at sun.reflect.NativeConstructorAccessorImpl.newInstance0(Native Method)
at sun.reflect.NativeConstructorAccessorImpl.newInstance(NativeConstructorAccessorImpl.java:62)
at sun.reflect.DelegatingConstructorAccessorImpl.newInstance(DelegatingConstructorAccessorImpl.java:45)
at java.lang.reflect.Constructor.newInstance(Constructor.java:408)
at org.openqa.selenium.remote.ErrorHandler.createThrowable(ErrorHandler.java:214)
at org.openqa.selenium.remote.ErrorHandler.throwIfResponseFailed(ErrorHandler.java:166)
at org.openqa.selenium.remote.http.JsonHttpResponseCodec.reconstructValue(JsonHttpResponseCodec.java:40)
at org.openqa.selenium.remote.http.AbstractHttpResponseCodec.decode(AbstractHttpResponseCodec.java:80)
at org.openqa.selenium.remote.http.AbstractHttpResponseCodec.decode(AbstractHttpResponseCodec.java:44)
at org.openqa.selenium.remote.HttpCommandExecutor.execute(HttpCommandExecutor.java:158)
at org.openqa.selenium.remote.service.DriverCommandExecutor.execute(DriverCommandExecutor.java:83)
at org.openqa.selenium.remote.RemoteWebDriver.execute(RemoteWebDriver.java:552)
at org.openqa.selenium.remote.RemoteWebDriver.findElement(RemoteWebDriver.java:323)
at org.openqa.selenium.remote.RemoteWebDriver.findElementByXPath(RemoteWebDriver.java:428)
at org.openqa.selenium.By$ByXPath.findElement(By.java:353)
at org.openqa.selenium.remote.RemoteWebDriver.findElement(RemoteWebDriver.java:315)
at Selenium10ClickImage.clickImagePractice(Selenium10ClickImage.java:12)
at sun.reflect.NativeMethodAccessorImpl.invoke0(Native Method)
at sun.reflect.NativeMethodAccessorImpl.invoke(NativeMethodAccessorImpl.java:62)
at sun.reflect.DelegatingMethodAccessorImpl.invoke(DelegatingMethodAccessorImpl.java:43)
at java.lang.reflect.Method.invoke(Method.java:483)
at org.testng.internal.MethodInvocationHelper.invokeMethod(MethodInvocationHelper.java:131)
at org.testng.internal.Invoker.invokeMethod(Invoker.java:658)
at org.testng.internal.Invoker.invokeTestMethod(Invoker.java:792)
at org.testng.internal.Invoker.invokeTestMethods(Invoker.java:1103)
at org.testng.internal.TestMethodWorker.invokeTestMethods(TestMethodWorker.java:140)
at org.testng.internal.TestMethodWorker.run(TestMethodWorker.java:122)
at org.testng.TestRunner.privateRun(TestRunner.java:739)
at org.testng.TestRunner.run(TestRunner.java:589)
at org.testng.SuiteRunner.runTest(SuiteRunner.java:398)
at org.testng.SuiteRunner.runSequentially(SuiteRunner.java:392)
at org.testng.SuiteRunner.privateRun(SuiteRunner.java:354)
at org.testng.SuiteRunner.run(SuiteRunner.java:302)
at org.testng.SuiteRunnerWorker.runSuite(SuiteRunnerWorker.java:53)
at org.testng.SuiteRunnerWorker.run(SuiteRunnerWorker.java:96)
at org.testng.TestNG.runSuitesSequentially(TestNG.java:1145)
at org.testng.TestNG.runSuitesLocally(TestNG.java:1067)
at org.testng.TestNG.runSuites(TestNG.java:997)
at org.testng.TestNG.run(TestNG.java:965)
at org.testng.IDEARemoteTestNG.run(IDEARemoteTestNG.java:73)
at org.testng.RemoteTestNGStarter.main(RemoteTestNGStarter.java:123)
]]>
            </full-stacktrace>
          </exception> <!-- org.openqa.selenium.NoSuchElementException -->
          <reporter-output>
          </reporter-output>
        </test-method> <!-- clickImagePractice -->
        <test-method status="PASS" signature="cleanupBrowser()[pri:0, instance:Selenium10ClickImage@1a485d2]" name="cleanupBrowser" is-config="true" duration-ms="719" started-at="2019-01-08T16:21:09 IST" finished-at="2019-01-08T16:21:10 IST">
          <reporter-output>
          </reporter-output>
        </test-method> <!-- cleanupBrowser -->
      </class> <!-- Selenium10ClickImage -->
    </test> <!-- ClickImageTest -->
    <test name="LinkTest" duration-ms="22716" started-at="2019-01-08T16:21:10 IST" finished-at="2019-01-08T16:21:33 IST">
      <class name="Selenium11LinkText">
        <test-method status="PASS" signature="setupBrowser()[pri:0, instance:Selenium11LinkText@190c9c3]" name="setupBrowser" is-config="true" duration-ms="1394" started-at="2019-01-08T16:21:10 IST" finished-at="2019-01-08T16:21:11 IST">
          <reporter-output>
          </reporter-output>
        </test-method> <!-- setupBrowser -->
        <test-method status="PASS" signature="linkTextPractice()[pri:0, instance:Selenium11LinkText@190c9c3]" name="linkTextPractice" duration-ms="20521" started-at="2019-01-08T16:21:11 IST" finished-at="2019-01-08T16:21:32 IST">
          <reporter-output>
          </reporter-output>
        </test-method> <!-- linkTextPractice -->
        <test-method status="PASS" signature="cleanupBrowser()[pri:0, instance:Selenium11LinkText@190c9c3]" name="cleanupBrowser" is-config="true" duration-ms="801" started-at="2019-01-08T16:21:32 IST" finished-at="2019-01-08T16:21:33 IST">
          <reporter-output>
          </reporter-output>
        </test-method> <!-- cleanupBrowser -->
      </class> <!-- Selenium11LinkText -->
    </test> <!-- LinkTest -->
    <test name="PartialLinkTest" duration-ms="19435" started-at="2019-01-08T16:21:33 IST" finished-at="2019-01-08T16:21:52 IST">
      <class name="Selenium12PartialLinkText">
        <test-method status="PASS" signature="setupBrowser()[pri:0, instance:Selenium12PartialLinkText@1afa04c]" name="setupBrowser" is-config="true" duration-ms="1477" started-at="2019-01-08T16:21:33 IST" finished-at="2019-01-08T16:21:34 IST">
          <reporter-output>
          </reporter-output>
        </test-method> <!-- setupBrowser -->
        <test-method status="PASS" signature="partialLinkText()[pri:0, instance:Selenium12PartialLinkText@1afa04c]" name="partialLinkText" duration-ms="17212" started-at="2019-01-08T16:21:34 IST" finished-at="2019-01-08T16:21:51 IST">
          <reporter-output>
          </reporter-output>
        </test-method> <!-- partialLinkText -->
        <test-method status="PASS" signature="cleanupBrowser()[pri:0, instance:Selenium12PartialLinkText@1afa04c]" name="cleanupBrowser" is-config="true" duration-ms="746" started-at="2019-01-08T16:21:51 IST" finished-at="2019-01-08T16:21:52 IST">
          <reporter-output>
          </reporter-output>
        </test-method> <!-- cleanupBrowser -->
      </class> <!-- Selenium12PartialLinkText -->
    </test> <!-- PartialLinkTest -->
    <test name="WaitImplicitTest" duration-ms="52954" started-at="2019-01-08T16:21:52 IST" finished-at="2019-01-08T16:22:45 IST">
      <class name="Selenium13WaitsImplicitWait">
        <test-method status="PASS" signature="setupBrowser()[pri:0, instance:Selenium13WaitsImplicitWait@2bcfcb]" name="setupBrowser" is-config="true" duration-ms="1430" started-at="2019-01-08T16:21:52 IST" finished-at="2019-01-08T16:21:53 IST">
          <reporter-output>
          </reporter-output>
        </test-method> <!-- setupBrowser -->
        <test-method status="FAIL" signature="implicitWaitPractice()[pri:0, instance:Selenium13WaitsImplicitWait@2bcfcb]" name="implicitWaitPractice" duration-ms="50696" started-at="2019-01-08T16:21:53 IST" finished-at="2019-01-08T16:22:44 IST">
          <exception class="org.openqa.selenium.NoSuchElementException">
            <message>
              <![CDATA[no such element: Unable to locate element: {"method":"xpath","selector":"//li[@select-id='results[100]']"}
  (Session info: chrome=71.0.3578.98)
  (Driver info: chromedriver=2.44.609538 (b655c5a60b0b544917107a59d4153d4bf78e1b90),platform=Windows NT 10.0.14393 x86_64) (WARNING: The server did not provide any stacktrace information)
Command duration or timeout: 0 milliseconds
For documentation on this error, please visit: https://www.seleniumhq.org/exceptions/no_such_element.html
Build info: version: '3.141.59', revision: 'e82be7d358', time: '2018-11-14T08:17:03'
System info: host: 'IND-PF0XJQYL-LT', ip: '10.176.66.55', os.name: 'Windows 8.1', os.arch: 'x86', os.version: '6.3', java.version: '1.8.0_31'
Driver info: org.openqa.selenium.chrome.ChromeDriver
Capabilities {acceptInsecureCerts: false, acceptSslCerts: false, applicationCacheEnabled: false, browserConnectionEnabled: false, browserName: chrome, chrome: {chromedriverVersion: 2.44.609538 (b655c5a60b0b54..., userDataDir: C:\Users\RAJESH~1\AppData\L...}, cssSelectorsEnabled: true, databaseEnabled: false, goog:chromeOptions: {debuggerAddress: localhost:56609}, handlesAlerts: true, hasTouchScreen: false, javascriptEnabled: true, locationContextEnabled: true, mobileEmulationEnabled: false, nativeEvents: true, networkConnectionEnabled: false, pageLoadStrategy: normal, platform: XP, platformName: XP, rotatable: false, setWindowRect: true, takesHeapSnapshot: true, takesScreenshot: true, unexpectedAlertBehaviour: ignore, unhandledPromptBehavior: ignore, version: 71.0.3578.98, webStorageEnabled: true}
Session ID: 1023035b5abc1cbde2ae4534789ce0c7
*** Element info: {Using=xpath, value=//li[@select-id='results[100]']}]]>
            </message>
            <full-stacktrace>
              <![CDATA[org.openqa.selenium.NoSuchElementException: no such element: Unable to locate element: {"method":"xpath","selector":"//li[@select-id='results[100]']"}
  (Session info: chrome=71.0.3578.98)
  (Driver info: chromedriver=2.44.609538 (b655c5a60b0b544917107a59d4153d4bf78e1b90),platform=Windows NT 10.0.14393 x86_64) (WARNING: The server did not provide any stacktrace information)
Command duration or timeout: 0 milliseconds
For documentation on this error, please visit: https://www.seleniumhq.org/exceptions/no_such_element.html
Build info: version: '3.141.59', revision: 'e82be7d358', time: '2018-11-14T08:17:03'
System info: host: 'IND-PF0XJQYL-LT', ip: '10.176.66.55', os.name: 'Windows 8.1', os.arch: 'x86', os.version: '6.3', java.version: '1.8.0_31'
Driver info: org.openqa.selenium.chrome.ChromeDriver
Capabilities {acceptInsecureCerts: false, acceptSslCerts: false, applicationCacheEnabled: false, browserConnectionEnabled: false, browserName: chrome, chrome: {chromedriverVersion: 2.44.609538 (b655c5a60b0b54..., userDataDir: C:\Users\RAJESH~1\AppData\L...}, cssSelectorsEnabled: true, databaseEnabled: false, goog:chromeOptions: {debuggerAddress: localhost:56609}, handlesAlerts: true, hasTouchScreen: false, javascriptEnabled: true, locationContextEnabled: true, mobileEmulationEnabled: false, nativeEvents: true, networkConnectionEnabled: false, pageLoadStrategy: normal, platform: XP, platformName: XP, rotatable: false, setWindowRect: true, takesHeapSnapshot: true, takesScreenshot: true, unexpectedAlertBehaviour: ignore, unhandledPromptBehavior: ignore, version: 71.0.3578.98, webStorageEnabled: true}
Session ID: 1023035b5abc1cbde2ae4534789ce0c7
*** Element info: {Using=xpath, value=//li[@select-id='results[100]']}
at sun.reflect.NativeConstructorAccessorImpl.newInstance0(Native Method)
at sun.reflect.NativeConstructorAccessorImpl.newInstance(NativeConstructorAccessorImpl.java:62)
at sun.reflect.DelegatingConstructorAccessorImpl.newInstance(DelegatingConstructorAccessorImpl.java:45)
at java.lang.reflect.Constructor.newInstance(Constructor.java:408)
at org.openqa.selenium.remote.ErrorHandler.createThrowable(ErrorHandler.java:214)
at org.openqa.selenium.remote.ErrorHandler.throwIfResponseFailed(ErrorHandler.java:166)
at org.openqa.selenium.remote.http.JsonHttpResponseCodec.reconstructValue(JsonHttpResponseCodec.java:40)
at org.openqa.selenium.remote.http.AbstractHttpResponseCodec.decode(AbstractHttpResponseCodec.java:80)
at org.openqa.selenium.remote.http.AbstractHttpResponseCodec.decode(AbstractHttpResponseCodec.java:44)
at org.openqa.selenium.remote.HttpCommandExecutor.execute(HttpCommandExecutor.java:158)
at org.openqa.selenium.remote.service.DriverCommandExecutor.execute(DriverCommandExecutor.java:83)
at org.openqa.selenium.remote.RemoteWebDriver.execute(RemoteWebDriver.java:552)
at org.openqa.selenium.remote.RemoteWebDriver.findElement(RemoteWebDriver.java:323)
at org.openqa.selenium.remote.RemoteWebDriver.findElementByXPath(RemoteWebDriver.java:428)
at org.openqa.selenium.By$ByXPath.findElement(By.java:353)
at org.openqa.selenium.remote.RemoteWebDriver.findElement(RemoteWebDriver.java:315)
at Selenium13WaitsImplicitWait.implicitWaitPractice(Selenium13WaitsImplicitWait.java:22)
at sun.reflect.NativeMethodAccessorImpl.invoke0(Native Method)
at sun.reflect.NativeMethodAccessorImpl.invoke(NativeMethodAccessorImpl.java:62)
at sun.reflect.DelegatingMethodAccessorImpl.invoke(DelegatingMethodAccessorImpl.java:43)
at java.lang.reflect.Method.invoke(Method.java:483)
at org.testng.internal.MethodInvocationHelper.invokeMethod(MethodInvocationHelper.java:131)
at org.testng.internal.Invoker.invokeMethod(Invoker.java:658)
at org.testng.internal.Invoker.invokeTestMethod(Invoker.java:792)
at org.testng.internal.Invoker.invokeTestMethods(Invoker.java:1103)
at org.testng.internal.TestMethodWorker.invokeTestMethods(TestMethodWorker.java:140)
at org.testng.internal.TestMethodWorker.run(TestMethodWorker.java:122)
at org.testng.TestRunner.privateRun(TestRunner.java:739)
at org.testng.TestRunner.run(TestRunner.java:589)
at org.testng.SuiteRunner.runTest(SuiteRunner.java:398)
at org.testng.SuiteRunner.runSequentially(SuiteRunner.java:392)
at org.testng.SuiteRunner.privateRun(SuiteRunner.java:354)
at org.testng.SuiteRunner.run(SuiteRunner.java:302)
at org.testng.SuiteRunnerWorker.runSuite(SuiteRunnerWorker.java:53)
at org.testng.SuiteRunnerWorker.run(SuiteRunnerWorker.java:96)
at org.testng.TestNG.runSuitesSequentially(TestNG.java:1145)
at org.testng.TestNG.runSuitesLocally(TestNG.java:1067)
at org.testng.TestNG.runSuites(TestNG.java:997)
at org.testng.TestNG.run(TestNG.java:965)
at org.testng.IDEARemoteTestNG.run(IDEARemoteTestNG.java:73)
at org.testng.RemoteTestNGStarter.main(RemoteTestNGStarter.java:123)
]]>
            </full-stacktrace>
          </exception> <!-- org.openqa.selenium.NoSuchElementException -->
          <reporter-output>
          </reporter-output>
        </test-method> <!-- implicitWaitPractice -->
        <test-method status="PASS" signature="cleanupBrowser()[pri:0, instance:Selenium13WaitsImplicitWait@2bcfcb]" name="cleanupBrowser" is-config="true" duration-ms="797" started-at="2019-01-08T16:22:44 IST" finished-at="2019-01-08T16:22:45 IST">
          <reporter-output>
          </reporter-output>
        </test-method> <!-- cleanupBrowser -->
      </class> <!-- Selenium13WaitsImplicitWait -->
    </test> <!-- WaitImplicitTest -->
    <test name="WaitExplicitTest" duration-ms="28358" started-at="2019-01-08T16:22:45 IST" finished-at="2019-01-08T16:23:13 IST">
      <class name="Selenium14WaitsExplicitWait">
        <test-method status="PASS" signature="setupBrowser()[pri:0, instance:Selenium14WaitsExplicitWait@e9a829]" name="setupBrowser" is-config="true" duration-ms="1461" started-at="2019-01-08T16:22:45 IST" finished-at="2019-01-08T16:22:46 IST">
          <reporter-output>
          </reporter-output>
        </test-method> <!-- setupBrowser -->
        <test-method status="PASS" signature="explicitWait()[pri:0, instance:Selenium14WaitsExplicitWait@e9a829]" name="explicitWait" duration-ms="25977" started-at="2019-01-08T16:22:46 IST" finished-at="2019-01-08T16:23:12 IST">
          <reporter-output>
          </reporter-output>
        </test-method> <!-- explicitWait -->
        <test-method status="PASS" signature="cleanupBrowser()[pri:0, instance:Selenium14WaitsExplicitWait@e9a829]" name="cleanupBrowser" is-config="true" duration-ms="919" started-at="2019-01-08T16:23:12 IST" finished-at="2019-01-08T16:23:13 IST">
          <reporter-output>
          </reporter-output>
        </test-method> <!-- cleanupBrowser -->
      </class> <!-- Selenium14WaitsExplicitWait -->
    </test> <!-- WaitExplicitTest -->
    <test name="WaitExplicit2" duration-ms="21951" started-at="2019-01-08T16:23:13 IST" finished-at="2019-01-08T16:23:35 IST">
      <class name="Selenium15WaitsExplicitWait2">
        <test-method status="PASS" signature="setupBrowser()[pri:0, instance:Selenium15WaitsExplicitWait2@10399e]" name="setupBrowser" is-config="true" duration-ms="1851" started-at="2019-01-08T16:23:13 IST" finished-at="2019-01-08T16:23:15 IST">
          <reporter-output>
          </reporter-output>
        </test-method> <!-- setupBrowser -->
        <test-method status="PASS" signature="explicitWait()[pri:0, instance:Selenium15WaitsExplicitWait2@10399e]" name="explicitWait" duration-ms="18491" started-at="2019-01-08T16:23:15 IST" finished-at="2019-01-08T16:23:34 IST">
          <reporter-output>
          </reporter-output>
        </test-method> <!-- explicitWait -->
        <test-method status="PASS" signature="cleanupBrowser()[pri:0, instance:Selenium15WaitsExplicitWait2@10399e]" name="cleanupBrowser" is-config="true" duration-ms="1608" started-at="2019-01-08T16:23:34 IST" finished-at="2019-01-08T16:23:35 IST">
          <reporter-output>
          </reporter-output>
        </test-method> <!-- cleanupBrowser -->
      </class> <!-- Selenium15WaitsExplicitWait2 -->
    </test> <!-- WaitExplicit2 -->
    <test name="Alerts1Test" duration-ms="11579" started-at="2019-01-08T16:23:35 IST" finished-at="2019-01-08T16:23:47 IST">
      <class name="Selenium18Alerts1">
        <test-method status="PASS" signature="setupBrowser()[pri:0, instance:Selenium18Alerts1@f4468b]" name="setupBrowser" is-config="true" duration-ms="2493" started-at="2019-01-08T16:23:35 IST" finished-at="2019-01-08T16:23:38 IST">
          <reporter-output>
          </reporter-output>
        </test-method> <!-- setupBrowser -->
        <test-method status="PASS" signature="alertsPracticeJSAlert()[pri:0, instance:Selenium18Alerts1@f4468b]" name="alertsPracticeJSAlert" duration-ms="8357" started-at="2019-01-08T16:23:38 IST" finished-at="2019-01-08T16:23:46 IST">
          <reporter-output>
          </reporter-output>
        </test-method> <!-- alertsPracticeJSAlert -->
        <test-method status="PASS" signature="cleanupBrowser()[pri:0, instance:Selenium18Alerts1@f4468b]" name="cleanupBrowser" is-config="true" duration-ms="729" started-at="2019-01-08T16:23:46 IST" finished-at="2019-01-08T16:23:47 IST">
          <reporter-output>
          </reporter-output>
        </test-method> <!-- cleanupBrowser -->
      </class> <!-- Selenium18Alerts1 -->
    </test> <!-- Alerts1Test -->
    <test name="Alerts2Test" duration-ms="20998" started-at="2019-01-08T16:23:47 IST" finished-at="2019-01-08T16:24:08 IST">
      <class name="Selenium19Alerts2">
        <test-method status="PASS" signature="setupBrowser()[pri:0, instance:Selenium19Alerts2@1efea79]" name="setupBrowser" is-config="true" duration-ms="1734" started-at="2019-01-08T16:23:47 IST" finished-at="2019-01-08T16:23:49 IST">
          <reporter-output>
          </reporter-output>
        </test-method> <!-- setupBrowser -->
        <test-method status="FAIL" signature="alertPracticeJSConfirm()[pri:0, instance:Selenium19Alerts2@1efea79]" name="alertPracticeJSConfirm" duration-ms="18397" started-at="2019-01-08T16:23:49 IST" finished-at="2019-01-08T16:24:07 IST">
          <exception class="java.lang.AssertionError">
            <message>
              <![CDATA[The following asserts failed:
Result msg is not as expected. Expected : You clicked: Ok, Actual : You clicked: Cancel did not expect to find [You clicked: Cancel] but found [You clicked: Ok]]]>
            </message>
            <full-stacktrace>
              <![CDATA[java.lang.AssertionError: The following asserts failed:
Result msg is not as expected. Expected : You clicked: Ok, Actual : You clicked: Cancel did not expect to find [You clicked: Cancel] but found [You clicked: Ok]
at org.testng.asserts.SoftAssert.assertAll(SoftAssert.java:47)
at Selenium19Alerts2.alertPracticeJSConfirm(Selenium19Alerts2.java:54)
at sun.reflect.NativeMethodAccessorImpl.invoke0(Native Method)
at sun.reflect.NativeMethodAccessorImpl.invoke(NativeMethodAccessorImpl.java:62)
at sun.reflect.DelegatingMethodAccessorImpl.invoke(DelegatingMethodAccessorImpl.java:43)
at java.lang.reflect.Method.invoke(Method.java:483)
at org.testng.internal.MethodInvocationHelper.invokeMethod(MethodInvocationHelper.java:131)
at org.testng.internal.Invoker.invokeMethod(Invoker.java:658)
at org.testng.internal.Invoker.invokeTestMethod(Invoker.java:792)
at org.testng.internal.Invoker.invokeTestMethods(Invoker.java:1103)
at org.testng.internal.TestMethodWorker.invokeTestMethods(TestMethodWorker.java:140)
at org.testng.internal.TestMethodWorker.run(TestMethodWorker.java:122)
at org.testng.TestRunner.privateRun(TestRunner.java:739)
at org.testng.TestRunner.run(TestRunner.java:589)
at org.testng.SuiteRunner.runTest(SuiteRunner.java:398)
at org.testng.SuiteRunner.runSequentially(SuiteRunner.java:392)
at org.testng.SuiteRunner.privateRun(SuiteRunner.java:354)
at org.testng.SuiteRunner.run(SuiteRunner.java:302)
at org.testng.SuiteRunnerWorker.runSuite(SuiteRunnerWorker.java:53)
at org.testng.SuiteRunnerWorker.run(SuiteRunnerWorker.java:96)
at org.testng.TestNG.runSuitesSequentially(TestNG.java:1145)
at org.testng.TestNG.runSuitesLocally(TestNG.java:1067)
at org.testng.TestNG.runSuites(TestNG.java:997)
at org.testng.TestNG.run(TestNG.java:965)
at org.testng.IDEARemoteTestNG.run(IDEARemoteTestNG.java:73)
at org.testng.RemoteTestNGStarter.main(RemoteTestNGStarter.java:123)
]]>
            </full-stacktrace>
          </exception> <!-- java.lang.AssertionError -->
          <reporter-output>
          </reporter-output>
        </test-method> <!-- alertPracticeJSConfirm -->
        <test-method status="PASS" signature="cleanupBrowser()[pri:0, instance:Selenium19Alerts2@1efea79]" name="cleanupBrowser" is-config="true" duration-ms="867" started-at="2019-01-08T16:24:07 IST" finished-at="2019-01-08T16:24:08 IST">
          <reporter-output>
          </reporter-output>
        </test-method> <!-- cleanupBrowser -->
      </class> <!-- Selenium19Alerts2 -->
    </test> <!-- Alerts2Test -->
  </suite> <!-- SeleniumPracticeSuite -->
</testng-results>
